ArkaMovil1.3/app/build/outputs/logs/manifest-merger-debug-report.txt
-- Merging decision tree log ---
manifest
ADDED from AndroidManifest.xml:2:1
	package
		ADDED from AndroidManifest.xml:3:5
		INJECTED from AndroidManifest.xml:0:0
		INJECTED from AndroidManifest.xml:0:0
	android:versionName
		INJECTED from AndroidManifest.xml:0:0
		INJECTED from AndroidManifest.xml:0:0
	xmlns:android
		ADDED from AndroidManifest.xml:2:11
	android:versionCode
		INJECTED from AndroidManifest.xml:0:0
		INJECTED from AndroidManifest.xml:0:0
uses-permission#android.permission.INTERNET
ADDED from AndroidManifest.xml:5:5
	android:name
		ADDED from AndroidManifest.xml:5:22
uses-permission#android.permission.CAMERA
ADDED from AndroidManifest.xml:6:5
MERGED from com.journeyapps:zxing-android-embedded:3.0.2:23:5
	android:name
		ADDED from AndroidManifest.xml:6:22
receiver#com.AEDesign.communication.WifiReceiver
ADDED from AndroidManifest.xml:8:5
	android:name
		ADDED from AndroidManifest.xml:8:15
intent-filter#android.net.wifi.STATE_CHANGE
ADDED from AndroidManifest.xml:9:9
	android:priority
		ADDED from AndroidManifest.xml:9:24
action#android.net.wifi.STATE_CHANGE
ADDED from AndroidManifest.xml:10:13
	android:name
		ADDED from AndroidManifest.xml:10:21
uses-permission#android.permission.ACCESS_WIFI_STATE
ADDED from AndroidManifest.xml:14:5
	android:name
		ADDED from AndroidManifest.xml:14:22
uses-permission#android.permission.ACCESS_NETWORK_STATE
ADDED from AndroidManifest.xml:15:5
	android:name
		ADDED from AndroidManifest.xml:15:22
uses-permission#android.permission.WRITE_EXTERNAL_STORAGE
ADDED from AndroidManifest.xml:16:5
	android:name
		ADDED from AndroidManifest.xml:16:22
application
ADDED from AndroidManifest.xml:18:5
MERGED from com.android.support:appcompat-v7:22.0.0:22:5
MERGED from com.android.support:support-v4:22.0.0:22:5
MERGED from com.android.support:support-v4:22.0.0:22:5
MERGED from com.journeyapps:zxing-android-embedded:3.0.2:47:5
	android:label
		ADDED from AndroidManifest.xml:21:9
	android:allowBackup
		ADDED from AndroidManifest.xml:19:9
	android:icon
		ADDED from AndroidManifest.xml:20:9
	android:theme
		ADDED from AndroidManifest.xml:22:9
activity#com.arkamovil.android.Login
ADDED from AndroidManifest.xml:24:9
	android:screenOrientation
		ADDED from AndroidManifest.xml:25:13
	android:label
		ADDED from AndroidManifest.xml:27:13
	android:name
		ADDED from AndroidManifest.xml:26:13
intent-filter#android.intent.action.MAIN+android.intent.category.LAUNCHER
ADDED from AndroidManifest.xml:28:13
action#android.intent.action.MAIN
ADDED from AndroidManifest.xml:29:17
	android:name
		ADDED from AndroidManifest.xml:29:25
category#android.intent.category.LAUNCHER
ADDED from AndroidManifest.xml:31:17
	android:name
		ADDED from AndroidManifest.xml:31:27
activity#com.arkamovil.android.menu_desplegable.CasosUso
ADDED from AndroidManifest.xml:34:9
	android:screenOrientation
		ADDED from AndroidManifest.xml:35:13
	android:label
		ADDED from AndroidManifest.xml:38:13
	android:configChanges
		ADDED from AndroidManifest.xml:37:13
	android:name
		ADDED from AndroidManifest.xml:36:13
activity#com.arkamovil.android.herramientas.Simplesamlphp
ADDED from AndroidManifest.xml:41:9
	android:screenOrientation
		ADDED from AndroidManifest.xml:42:13
	android:label
		ADDED from AndroidManifest.xml:45:13
	android:configChanges
		ADDED from AndroidManifest.xml:44:13
	android:name
		ADDED from AndroidManifest.xml:43:13
uses-sdk
INJECTED from AndroidManifest.xml:0:0 reason: use-sdk injection requested
MERGED from com.android.support:appcompat-v7:22.0.0:20:5
MERGED from com.android.support:support-v4:22.0.0:20:5
MERGED from com.android.support:support-v4:22.0.0:20:5
MERGED from com.journeyapps:zxing-android-embedded:3.0.2:19:5
	android:targetSdkVersion
		INJECTED from AndroidManifest.xml:0:0
		INJECTED from AndroidManifest.xml:0:0
	android:minSdkVersion
		INJECTED from AndroidManifest.xml:0:0
		INJECTED from AndroidManifest.xml:0:0
uses-feature#android.hardware.camera
ADDED from com.journeyapps:zxing-android-embedded:3.0.2:26:5
	android:required
		ADDED from com.journeyapps:zxing-android-embedded:3.0.2:28:9
	android:name
		ADDED from com.journeyapps:zxing-android-embedded:3.0.2:27:9
uses-feature#android.hardware.camera.front
ADDED from com.journeyapps:zxing-android-embedded:3.0.2:29:5
	android:required
		ADDED from com.journeyapps:zxing-android-embedded:3.0.2:31:9
	android:name
		ADDED from com.journeyapps:zxing-android-embedded:3.0.2:30:9
uses-feature#android.hardware.camera.autofocus
ADDED from com.journeyapps:zxing-android-embedded:3.0.2:34:5
	android:required
		ADDED from com.journeyapps:zxing-android-embedded:3.0.2:36:9
	android:name
		ADDED from com.journeyapps:zxing-android-embedded:3.0.2:35:9
uses-feature#android.hardware.camera.flash
ADDED from com.journeyapps:zxing-android-embedded:3.0.2:37:5
	android:required
		ADDED from com.journeyapps:zxing-android-embedded:3.0.2:39:9
	android:name
		ADDED from com.journeyapps:zxing-android-embedded:3.0.2:38:9
uses-feature#android.hardware.screen.landscape
ADDED from com.journeyapps:zxing-android-embedded:3.0.2:40:5
	android:required
		ADDED from com.journeyapps:zxing-android-embedded:3.0.2:42:9
	android:name
		ADDED from com.journeyapps:zxing-android-embedded:3.0.2:41:9
uses-feature#android.hardware.wifi
ADDED from com.journeyapps:zxing-android-embedded:3.0.2:43:5
	android:required
		ADDED from com.journeyapps:zxing-android-embedded:3.0.2:45:9
	android:name
		ADDED from com.journeyapps:zxing-android-embedded:3.0.2:44:9
activity#com.journeyapps.barcodescanner.CaptureActivity
ADDED from com.journeyapps:zxing-android-embedded:3.0.2:48:9
	android:clearTaskOnLaunch
		ADDED from com.journeyapps:zxing-android-embedded:3.0.2:50:13
	android:screenOrientation
		ADDED from com.journeyapps:zxing-android-embedded:3.0.2:51:13
	android:stateNotNeeded
		ADDED from com.journeyapps:zxing-android-embedded:3.0.2:52:13
	android:windowSoftInputMode
		ADDED from com.journeyapps:zxing-android-embedded:3.0.2:54:13
	android:theme
		ADDED from com.journeyapps:zxing-android-embedded:3.0.2:53:13
	android:name
		ADDED from com.journeyapps:zxing-android-embedded:3.0.2:49:13